<?xml version="1.0" encoding="UTF-8"?>
<!-- Generated by org.testng.reporters.JUnitXMLReporter -->
<testsuite ignored="0" hostname="LAPTOP-B7D7A074" failures="0" tests="2" name="Surefire test" time="0.248" errors="0" timestamp="27 Jan 2021 04:34:19 GMT">
  <testcase classname="com.mytest.BaseTest" name="@BeforeTest setup" time="0.0">
    <failure type="org.testng.TestNGException" message="
Parameter &amp;apos;browser&amp;apos; is required by BeforeTest on method setup but has not been marked @Optional or defined
">
      <![CDATA[org.testng.TestNGException: 
Parameter 'browser' is required by BeforeTest on method setup but has not been marked @Optional or defined

... Removed 25 stack frames]]>
    </failure>
  </testcase> <!-- @BeforeTest setup -->
  <testcase classname="com.mytest.BaseTest" name="@AfterTest tearDown" time="0.0">
    <skipped/>
  </testcase> <!-- @AfterTest tearDown -->
  <testcase classname="com.mytest.LoginPageTest" name="getCRMTitleTest" time="0.0">
    <skipped/>
  </testcase> <!-- getCRMTitleTest -->
  <testcase classname="com.mytest.LoginPageTest" name="getCRMTitleTest1" time="0.0">
    <skipped/>
  </testcase> <!-- getCRMTitleTest1 -->
</testsuite> <!-- Surefire test -->
