<?xml version="1.0" encoding="UTF-8"?>
<!-- Generated by org.testng.reporters.JUnitXMLReporter -->
<testsuite ignored="0" hostname="DESKTOP-ERMO56R" failures="0" tests="3" name="Wild Cart Login Testing -" time="0.042" errors="0" timestamp="10 Jan 2021 23:01:54 GMT">
  <testcase classname="com.qa.wildcart.base.BaseTest" name="@BeforeTest setUp" time="0.0">
    <failure type="org.testng.TestNGException" message="
Parameter &amp;apos;browser&amp;apos; is required by BeforeTest on method setUp but has not been marked @Optional or defined
in C:\Users\vaibhav\eclipse-workspace\MondayPOM2020WildCart\src\test\resources\temptestng_regrassion.xml">
      <![CDATA[org.testng.TestNGException: 
Parameter 'browser' is required by BeforeTest on method setUp but has not been marked @Optional or defined
in C:\Users\vaibhav\eclipse-workspace\MondayPOM2020WildCart\src\test\resources\temptestng_regrassion.xml
... Removed 21 stack frames]]>
    </failure>
  </testcase> <!-- @BeforeTest setUp -->
  <testcase classname="com.qa.wildcart.base.BaseTest" name="@AfterTest closeBrowser" time="0.0">
    <skipped/>
  </testcase> <!-- @AfterTest closeBrowser -->
  <testcase classname="com.qa.wildcart.test.LoginPageTest" name="verifySignUpLinkTest" time="0.0">
    <skipped/>
  </testcase> <!-- verifySignUpLinkTest -->
  <testcase classname="com.qa.wildcart.test.LoginPageTest" name="verifyPageTitle" time="0.0">
    <skipped/>
  </testcase> <!-- verifyPageTitle -->
  <testcase classname="com.qa.wildcart.test.LoginPageTest" name="loginTest" time="0.0">
    <skipped/>
  </testcase> <!-- loginTest -->
</testsuite> <!-- Wild Cart Login Testing - -->
