-------------------------------------------------------------------------------
Test set: com.mytest.LoginPageTest
-------------------------------------------------------------------------------
Tests run: 4, Failures: 1, Errors: 0, Skipped: 3, Time elapsed: 1.446 s <<< FAILURE! - in com.mytest.LoginPageTest
setup(com.mytest.LoginPageTest)  Time elapsed: 1.087 s  <<< FAILURE!
org.testng.TestNGException: 

Parameter 'browser' is required by BeforeTest on method setup but has not been marked @Optional or defined


