<?xml version="1.0" encoding="UTF-8"?>
<!-- Generated by org.testng.reporters.JUnitXMLReporter -->
<testsuite ignored="0" hostname="LAPTOP-B7D7A074" failures="0" tests="2" name="CRMPRO Login Test - Chrome" time="0.19" errors="0" timestamp="23 Jan 2021 23:55:34 GMT">
  <testcase classname="com.mytest.BaseTest" name="@BeforeTest setup" time="0.0">
    <failure type="org.testng.TestNGException" message="
Parameter &amp;apos;browser&amp;apos; is required by BeforeTest on method setup but has not been marked @Optional or defined
in C:\Users\Syed-Alam\Desktop\MondayPOM202011121\MondayPOM2020WildCart\src\test\resources\testng_regr.xml">
      <![CDATA[org.testng.TestNGException: 
Parameter 'browser' is required by BeforeTest on method setup but has not been marked @Optional or defined
in C:\Users\Syed-Alam\Desktop\MondayPOM202011121\MondayPOM2020WildCart\src\test\resources\testng_regr.xml
... Removed 21 stack frames]]>
    </failure>
  </testcase> <!-- @BeforeTest setup -->
  <testcase classname="com.mytest.BaseTest" name="@AfterTest tearDown" time="0.0">
    <skipped/>
  </testcase> <!-- @AfterTest tearDown -->
  <testcase classname="com.mytest.LoginPageTest" name="getCRMTitleTest" time="0.0">
    <skipped/>
  </testcase> <!-- getCRMTitleTest -->
  <testcase classname="com.mytest.LoginPageTest" name="getCRMTitleTest1" time="0.0">
    <skipped/>
  </testcase> <!-- getCRMTitleTest1 -->
</testsuite> <!-- CRMPRO Login Test - Chrome -->
